<?xml version="1.0" encoding="UTF-8"?>
<!-- Generated by org.testng.reporters.JUnitReportReporter -->
<testsuite skipped="0" hostname="Karishma-PC" name="com.crm.qa.test.LoginPageTest" tests="2" failures="0" timestamp="05 Jan 2020 14:29:00 GMT" time="96.841" errors="0">
  <testcase name="loginTest" time="48.013" classname="com.crm.qa.test.LoginPageTest"/>
  <testcase name="loginPageTitleTest" time="48.828" classname="com.crm.qa.test.LoginPageTest"/>
</testsuite> <!-- com.crm.qa.test.LoginPageTest -->
